<?xml version="1.0" encoding="UTF-8"?>
<testsuite xmlns:xsi="http://www.w3.org/2001/XMLSchema-instance" xsi:noNamespaceSchemaLocation="https://maven.apache.org/surefire/maven-surefire-plugin/xsd/surefire-test-report.xsd" name="com.nurlan.spring.rest.spring_course_rest_client.AppTest" time="0.167" tests="1" errors="0" skipped="0" failures="0">
  <properties>
    <property name="awt.toolkit" value="sun.awt.X11.XToolkit"/>
    <property name="java.specification.version" value="11"/>
    <property name="sun.cpu.isalist" value=""/>
    <property name="sun.jnu.encoding" value="UTF-8"/>
    <property name="java.class.path" value="/home/nuriklan/NetBeansProjects/spring_course_rest_client/target/test-classes:/home/nuriklan/NetBeansProjects/spring_course_rest_client/target/classes:/home/nuriklan/.m2/repository/junit/junit/4.11/junit-4.11.jar:/home/nuriklan/.m2/repository/org/hamcrest/hamcrest-core/1.3/hamcrest-core-1.3.jar:/home/nuriklan/.m2/repository/org/springframework/spring-webmvc/5.3.15/spring-webmvc-5.3.15.jar:/home/nuriklan/.m2/repository/org/springframework/spring-aop/5.3.15/spring-aop-5.3.15.jar:/home/nuriklan/.m2/repository/org/springframework/spring-beans/5.3.15/spring-beans-5.3.15.jar:/home/nuriklan/.m2/repository/org/springframework/spring-context/5.3.15/spring-context-5.3.15.jar:/home/nuriklan/.m2/repository/org/springframework/spring-core/5.3.15/spring-core-5.3.15.jar:/home/nuriklan/.m2/repository/org/springframework/spring-jcl/5.3.15/spring-jcl-5.3.15.jar:/home/nuriklan/.m2/repository/org/springframework/spring-expression/5.3.15/spring-expression-5.3.15.jar:/home/nuriklan/.m2/repository/org/springframework/spring-web/5.3.15/spring-web-5.3.15.jar:/home/nuriklan/.m2/repository/com/fasterxml/jackson/core/jackson-databind/2.13.1/jackson-databind-2.13.1.jar:/home/nuriklan/.m2/repository/com/fasterxml/jackson/core/jackson-annotations/2.13.1/jackson-annotations-2.13.1.jar:/home/nuriklan/.m2/repository/com/fasterxml/jackson/core/jackson-core/2.13.1/jackson-core-2.13.1.jar:"/>
    <property name="java.vm.vendor" value="Ubuntu"/>
    <property name="sun.arch.data.model" value="64"/>
    <property name="java.vendor.url" value="https://ubuntu.com/"/>
    <property name="user.timezone" value=""/>
    <property name="java.vm.specification.version" value="11"/>
    <property name="os.name" value="Linux"/>
    <property name="user.country" value="US"/>
    <property name="sun.java.launcher" value="SUN_STANDARD"/>
    <property name="sun.boot.library.path" value="/usr/lib/jvm/java-11-openjdk-amd64/lib"/>
    <property name="sun.java.command" value="/home/nuriklan/NetBeansProjects/spring_course_rest_client/target/surefire/surefirebooter6952896932185306744.jar /home/nuriklan/NetBeansProjects/spring_course_rest_client/target/surefire 2022-03-07T20-13-53_109-jvmRun1 surefire4145632032604156987tmp surefire_01171482647585431186tmp"/>
    <property name="jdk.debug" value="release"/>
    <property name="surefire.test.class.path" value="/home/nuriklan/NetBeansProjects/spring_course_rest_client/target/test-classes:/home/nuriklan/NetBeansProjects/spring_course_rest_client/target/classes:/home/nuriklan/.m2/repository/junit/junit/4.11/junit-4.11.jar:/home/nuriklan/.m2/repository/org/hamcrest/hamcrest-core/1.3/hamcrest-core-1.3.jar:/home/nuriklan/.m2/repository/org/springframework/spring-webmvc/5.3.15/spring-webmvc-5.3.15.jar:/home/nuriklan/.m2/repository/org/springframework/spring-aop/5.3.15/spring-aop-5.3.15.jar:/home/nuriklan/.m2/repository/org/springframework/spring-beans/5.3.15/spring-beans-5.3.15.jar:/home/nuriklan/.m2/repository/org/springframework/spring-context/5.3.15/spring-context-5.3.15.jar:/home/nuriklan/.m2/repository/org/springframework/spring-core/5.3.15/spring-core-5.3.15.jar:/home/nuriklan/.m2/repository/org/springframework/spring-jcl/5.3.15/spring-jcl-5.3.15.jar:/home/nuriklan/.m2/repository/org/springframework/spring-expression/5.3.15/spring-expression-5.3.15.jar:/home/nuriklan/.m2/repository/org/springframework/spring-web/5.3.15/spring-web-5.3.15.jar:/home/nuriklan/.m2/repository/com/fasterxml/jackson/core/jackson-databind/2.13.1/jackson-databind-2.13.1.jar:/home/nuriklan/.m2/repository/com/fasterxml/jackson/core/jackson-annotations/2.13.1/jackson-annotations-2.13.1.jar:/home/nuriklan/.m2/repository/com/fasterxml/jackson/core/jackson-core/2.13.1/jackson-core-2.13.1.jar:"/>
    <property name="sun.cpu.endian" value="little"/>
    <property name="user.home" value="/home/nuriklan"/>
    <property name="user.language" value="en"/>
    <property name="java.specification.vendor" value="Oracle Corporation"/>
    <property name="java.version.date" value="2021-10-19"/>
    <property name="java.home" value="/usr/lib/jvm/java-11-openjdk-amd64"/>
    <property name="file.separator" value="/"/>
    <property name="basedir" value="/home/nuriklan/NetBeansProjects/spring_course_rest_client"/>
    <property name="java.vm.compressedOopsMode" value="32-bit"/>
    <property name="line.separator" value="&#10;"/>
    <property name="java.specification.name" value="Java Platform API Specification"/>
    <property name="java.vm.specification.vendor" value="Oracle Corporation"/>
    <property name="java.awt.graphicsenv" value="sun.awt.X11GraphicsEnvironment"/>
    <property name="surefire.real.class.path" value="/home/nuriklan/NetBeansProjects/spring_course_rest_client/target/surefire/surefirebooter6952896932185306744.jar"/>
    <property name="sun.management.compiler" value="HotSpot 64-Bit Tiered Compilers"/>
    <property name="java.runtime.version" value="11.0.13+8-Ubuntu-0ubuntu1.20.04"/>
    <property name="user.name" value="nuriklan"/>
    <property name="path.separator" value=":"/>
    <property name="os.version" value="5.4.0-100-generic"/>
    <property name="java.runtime.name" value="OpenJDK Runtime Environment"/>
    <property name="file.encoding" value="UTF-8"/>
    <property name="java.vm.name" value="OpenJDK 64-Bit Server VM"/>
    <property name="maven.ext.class.path" value="/snap/netbeans/58/netbeans/java/maven-nblib/netbeans-eventspy.jar"/>
    <property name="localRepository" value="/home/nuriklan/.m2/repository"/>
    <property name="java.vendor.url.bug" value="https://bugs.launchpad.net/ubuntu/+source/openjdk-lts"/>
    <property name="java.io.tmpdir" value="/tmp"/>
    <property name="java.version" value="11.0.13"/>
    <property name="user.dir" value="/home/nuriklan/NetBeansProjects/spring_course_rest_client"/>
    <property name="os.arch" value="amd64"/>
    <property name="java.vm.specification.name" value="Java Virtual Machine Specification"/>
    <property name="java.awt.printerjob" value="sun.print.PSPrinterJob"/>
    <property name="sun.os.patch.level" value="unknown"/>
    <property name="java.library.path" value="/usr/java/packages/lib:/usr/lib/x86_64-linux-gnu/jni:/lib/x86_64-linux-gnu:/usr/lib/x86_64-linux-gnu:/usr/lib/jni:/lib:/usr/lib"/>
    <property name="java.vm.info" value="mixed mode, sharing"/>
    <property name="java.vendor" value="Ubuntu"/>
    <property name="java.vm.version" value="11.0.13+8-Ubuntu-0ubuntu1.20.04"/>
    <property name="sun.io.unicode.encoding" value="UnicodeLittle"/>
    <property name="java.class.version" value="55.0"/>
  </properties>
  <testcase name="shouldAnswerWithTrue" classname="com.nurlan.spring.rest.spring_course_rest_client.AppTest" time="0.01"/>
</testsuite>